<?xml version="1.0" encoding="UTF-8"?>
<!-- Generated by org.testng.reporters.JUnitReportReporter -->
<testsuite hostname="Nikki" failures="0" tests="1" name="org.viaje.admin.testngtourpackage.test.CreateTourPackage" time="7.094" errors="0" timestamp="2022-08-16T17:46:48 IST" skipped="0">
  <testcase classname="org.viaje.admin.testngtourpackage.test.CreateTourPackage" name="TourPackage" time="7.094"/>
  <system-out/>
</testsuite> <!-- org.viaje.admin.testngtourpackage.test.CreateTourPackage -->
