<?xml version="1.0" encoding="UTF-8"?>
<!-- Generated by org.testng.reporters.JUnitReportReporter -->
<testsuite hostname="Nikki" failures="0" tests="1" name="org.viaje.adminmoduletestng.ManagePageTestng" time="29.065" errors="0" timestamp="2022-08-17T11:14:19 IST" skipped="0">
  <testcase classname="org.viaje.adminmoduletestng.ManagePageTestng" name="Manage" time="29.065"/>
  <system-out/>
</testsuite> <!-- org.viaje.adminmoduletestng.ManagePageTestng -->
